Log file open, 06/16/18 20:41:24
LogWindows: Failed to load 'aqProf.dll' (GetLastError=126)
LogWindows: File 'aqProf.dll' does not exist
LogWindows: Failed to load 'VtuneApi.dll' (GetLastError=126)
LogWindows: File 'VtuneApi.dll' does not exist
LogWindows: Failed to load 'VtuneApi32e.dll' (GetLastError=126)
LogWindows: File 'VtuneApi32e.dll' does not exist
LogInit: Display: Running engine for game: PhotonRiders
LogPlatformFile: Not using cached read wrapper
LogInit: Display: RandInit(-1723639421) SRandInit(-1723639421).
LogInit: Read version file with build ID '3944462'
LogInit: Overriding engine version to CL 4033788, compatible CL 3944462
LogInit: Registered custom module enumerator with build ID '3944462'
LogTaskGraph: Started task graph with 5 named threads and 23 total threads with 3 sets of task threads.
LogStats: Stats thread started at 0.250074
LogD3D11RHI: Aftermath initialized
LogICUInternationalization: Display: ICU TimeZone Detection - Raw Offset: -8:00, Platform Override: ''
LogModuleManager: Display: Found up-to-date module file ../../../Engine/Plugins/2D/Paper2D/Binaries/Win64/UE4Editor-Paper2D.dll (API version 3944462).
LogModuleManager: Display: Found up-to-date module file ../../../Engine/Plugins/2D/Paper2D/Binaries/Win64/UE4Editor-Paper2DEditor.dll (API version 3944462).
LogModuleManager: Display: Found up-to-date module file ../../../Engine/Plugins/2D/Paper2D/Binaries/Win64/UE4Editor-PaperSpriteSheetImporter.dll (API version 3944462).
LogModuleManager: Display: Found up-to-date module file ../../../Engine/Plugins/2D/Paper2D/Binaries/Win64/UE4Editor-PaperTiledImporter.dll (API version 3944462).
LogModuleManager: Display: Found up-to-date module file ../../../Engine/Plugins/2D/Paper2D/Binaries/Win64/UE4Editor-SmartSnapping.dll (API version 3944462).
LogModuleManager: Display: Found up-to-date module file ../../../Engine/Plugins/Blendables/LightPropagationVolume/Binaries/Win64/UE4Editor-LightPropagationVolumeRuntime.dll (API version 3944462).
LogModuleManager: Display: Found up-to-date module file ../../../Engine/Plugins/Blendables/LightPropagationVolume/Binaries/Win64/UE4Editor-LightPropagationVolumeEditor.dll (API version 3944462).
LogModuleManager: Display: Found up-to-date module file ../../../Engine/Plugins/Developer/CLionSourceCodeAccess/Binaries/Win64/UE4Editor-CLionSourceCodeAccess.dll (API version 3944462).
LogModuleManager: Display: Found up-to-date module file ../../../Engine/Plugins/Developer/GitSourceControl/Binaries/Win64/UE4Editor-GitSourceControl.dll (API version 3944462).
LogModuleManager: Display: Found up-to-date module file ../../../Engine/Plugins/Developer/PerforceSourceControl/Binaries/Win64/UE4Editor-PerforceSourceControl.dll (API version 3944462).
LogModuleManager: Display: Found up-to-date module file ../../../Engine/Plugins/Developer/SubversionSourceControl/Binaries/Win64/UE4Editor-SubversionSourceControl.dll (API version 3944462).
LogModuleManager: Display: Found up-to-date module file ../../../Engine/Plugins/Developer/UObjectPlugin/Binaries/Win64/UE4Editor-UObjectPlugin.dll (API version 3944462).
LogModuleManager: Display: Found up-to-date module file ../../../Engine/Plugins/Developer/VisualStudioCodeSourceCodeAccess/Binaries/Win64/UE4Editor-VisualStudioCodeSourceCodeAccess.dll (API version 3944462).
LogModuleManager: Display: Found up-to-date module file ../../../Engine/Plugins/Developer/VisualStudioSourceCodeAccess/Binaries/Win64/UE4Editor-VisualStudioSourceCodeAccess.dll (API version 3944462).
LogModuleManager: Display: Found up-to-date module file ../../../Engine/Plugins/Editor/AssetManagerEditor/Binaries/Win64/UE4Editor-AssetManagerEditor.dll (API version 3944462).
LogModuleManager: Display: Found up-to-date module file ../../../Engine/Plugins/Editor/CryptoKeys/Binaries/Win64/UE4Editor-CryptoKeys.dll (API version 3944462).
LogModuleManager: Display: Found up-to-date module file ../../../Engine/Plugins/Editor/CryptoKeys/Binaries/Win64/UE4Editor-CryptoKeysOpenSSL.dll (API version 3944462).
LogModuleManager: Display: Found up-to-date module file ../../../Engine/Plugins/Editor/DataValidation/Binaries/Win64/UE4Editor-DataValidation.dll (API version 3944462).
LogModuleManager: Display: Found up-to-date module file ../../../Engine/Plugins/Editor/FacialAnimation/Binaries/Win64/UE4Editor-FacialAnimation.dll (API version 3944462).
LogModuleManager: Display: Found up-to-date module file ../../../Engine/Plugins/Editor/FacialAnimation/Binaries/Win64/UE4Editor-FacialAnimationEditor.dll (API version 3944462).
LogModuleManager: Display: Found up-to-date module file ../../../Engine/Plugins/Editor/GameplayTagsEditor/Binaries/Win64/UE4Editor-GameplayTagsEditor.dll (API version 3944462).
LogModuleManager: Display: Found up-to-date module file ../../../Engine/Plugins/Editor/MobileLauncherProfileWizard/Binaries/Win64/UE4Editor-MobileLauncherProfileWizard.dll (API version 3944462).
LogModuleManager: Display: Found up-to-date module file ../../../Engine/Plugins/Editor/PluginBrowser/Binaries/Win64/UE4Editor-PluginBrowser.dll (API version 3944462).
LogModuleManager: Display: Found up-to-date module file ../../../Engine/Plugins/Editor/SpeedTreeImporter/Binaries/Win64/UE4Editor-SpeedTreeImporter.dll (API version 3944462).
LogModuleManager: Display: Found up-to-date module file ../../../Engine/Plugins/Enterprise/DatasmithContent/Binaries/Win64/UE4Editor-DatasmithContent.dll (API version 3944462).
LogModuleManager: Display: Found up-to-date module file ../../../Engine/Plugins/Experimental/AlembicImporter/Binaries/Win64/UE4Editor-AlembicImporter.dll (API version 3944462).
LogModuleManager: Display: Found up-to-date module file ../../../Engine/Plugins/Experimental/AlembicImporter/Binaries/Win64/UE4Editor-AlembicLibrary.dll (API version 3944462).
LogModuleManager: Display: Found up-to-date module file ../../../Engine/Plugins/Experimental/CharacterAI/Binaries/Win64/UE4Editor-CharacterAI.dll (API version 3944462).
LogModuleManager: Display: Found up-to-date module file ../../../Engine/Plugins/Experimental/HTML5Networking/Binaries/Win64/UE4Editor-HTML5Networking.dll (API version 3944462).
LogModuleManager: Display: Found up-to-date module file ../../../Engine/Plugins/Media/AndroidMedia/Binaries/Win64/UE4Editor-AndroidMediaEditor.dll (API version 3944462).
LogModuleManager: Display: Found up-to-date module file ../../../Engine/Plugins/Media/AndroidMedia/Binaries/Win64/UE4Editor-AndroidMediaFactory.dll (API version 3944462).
LogModuleManager: Display: Found up-to-date module file ../../../Engine/Plugins/Media/AvfMedia/Binaries/Win64/UE4Editor-AvfMediaEditor.dll (API version 3944462).
LogModuleManager: Display: Found up-to-date module file ../../../Engine/Plugins/Media/AvfMedia/Binaries/Win64/UE4Editor-AvfMediaFactory.dll (API version 3944462).
LogModuleManager: Display: Found up-to-date module file ../../../Engine/Plugins/Media/AvfMedia/Binaries/Win64/UE4Editor-AvfMediaFactory.dll (API version 3944462).
LogModuleManager: Display: Found up-to-date module file ../../../Engine/Plugins/Media/ImgMedia/Binaries/Win64/UE4Editor-ImgMedia.dll (API version 3944462).
LogModuleManager: Display: Found up-to-date module file ../../../Engine/Plugins/Media/ImgMedia/Binaries/Win64/UE4Editor-ImgMediaEditor.dll (API version 3944462).
LogModuleManager: Display: Found up-to-date module file ../../../Engine/Plugins/Media/ImgMedia/Binaries/Win64/UE4Editor-ImgMediaFactory.dll (API version 3944462).
LogModuleManager: Display: Found up-to-date module file ../../../Engine/Plugins/Media/ImgMedia/Binaries/Win64/UE4Editor-ImgMediaFactory.dll (API version 3944462).
LogModuleManager: Display: Found up-to-date module file ../../../Engine/Plugins/Media/ImgMedia/Binaries/Win64/UE4Editor-OpenExrWrapper.dll (API version 3944462).
LogModuleManager: Display: Found up-to-date module file ../../../Engine/Plugins/Media/LinearTimecode/Binaries/Win64/UE4Editor-LinearTimecode.dll (API version 3944462).
LogModuleManager: Display: Found up-to-date module file ../../../Engine/Plugins/Media/MediaCompositing/Binaries/Win64/UE4Editor-MediaCompositing.dll (API version 3944462).
LogModuleManager: Display: Found up-to-date module file ../../../Engine/Plugins/Media/MediaCompositing/Binaries/Win64/UE4Editor-MediaCompositingEditor.dll (API version 3944462).
LogModuleManager: Display: Found up-to-date module file ../../../Engine/Plugins/Media/MediaPlayerEditor/Binaries/Win64/UE4Editor-MediaPlayerEditor.dll (API version 3944462).
LogModuleManager: Display: Found up-to-date module file ../../../Engine/Plugins/Media/WmfMedia/Binaries/Win64/UE4Editor-WmfMedia.dll (API version 3944462).
LogModuleManager: Display: Found up-to-date module file ../../../Engine/Plugins/Media/WmfMedia/Binaries/Win64/UE4Editor-WmfMediaEditor.dll (API version 3944462).
LogModuleManager: Display: Found up-to-date module file ../../../Engine/Plugins/Media/WmfMedia/Binaries/Win64/UE4Editor-WmfMediaFactory.dll (API version 3944462).
LogModuleManager: Display: Found up-to-date module file ../../../Engine/Plugins/Media/WmfMedia/Binaries/Win64/UE4Editor-WmfMediaFactory.dll (API version 3944462).
LogModuleManager: Display: Found up-to-date module file ../../../Engine/Plugins/Messaging/TcpMessaging/Binaries/Win64/UE4Editor-TcpMessaging.dll (API version 3944462).
LogModuleManager: Display: Found up-to-date module file ../../../Engine/Plugins/Messaging/UdpMessaging/Binaries/Win64/UE4Editor-UdpMessaging.dll (API version 3944462).
LogModuleManager: Display: Found up-to-date module file ../../../Engine/Plugins/MovieScene/ActorSequence/Binaries/Win64/UE4Editor-ActorSequence.dll (API version 3944462).
LogModuleManager: Display: Found up-to-date module file ../../../Engine/Plugins/MovieScene/LevelSequenceEditor/Binaries/Win64/UE4Editor-LevelSequenceEditor.dll (API version 3944462).
LogModuleManager: Display: Found up-to-date module file ../../../Engine/Plugins/MovieScene/MatineeToLevelSequence/Binaries/Win64/UE4Editor-MatineeToLevelSequence.dll (API version 3944462).
LogModuleManager: Display: Found up-to-date module file ../../../Engine/Plugins/NetcodeUnitTest/NetcodeUnitTest/Binaries/Win64/UE4Editor-NetcodeUnitTest.dll (API version 3944462).
LogModuleManager: Display: Found up-to-date module file ../../../Engine/Plugins/NetcodeUnitTest/NUTUnrealEngine4/Binaries/Win64/UE4Editor-NUTUnrealEngine4.dll (API version 3944462).
LogModuleManager: Display: Found up-to-date module file ../../../Engine/Plugins/Online/OnlineSubsystem/Binaries/Win64/UE4Editor-OnlineSubsystem.dll (API version 3944462).
LogModuleManager: Display: Found up-to-date module file ../../../Engine/Plugins/Runtime/AndroidPermission/Binaries/Win64/UE4Editor-AndroidPermission.dll (API version 3944462).
LogModuleManager: Display: Found up-to-date module file ../../../Engine/Plugins/Online/OnlineSubsystemNull/Binaries/Win64/UE4Editor-OnlineSubsystemNull.dll (API version 3944462).
LogModuleManager: Display: Found up-to-date module file ../../../Engine/Plugins/Online/OnlineSubsystemUtils/Binaries/Win64/UE4Editor-OnlineSubsystemUtils.dll (API version 3944462).
LogModuleManager: Display: Found up-to-date module file ../../../Engine/Plugins/Online/OnlineSubsystemUtils/Binaries/Win64/UE4Editor-OnlineBlueprintSupport.dll (API version 3944462).
LogModuleManager: Display: Found up-to-date module file ../../../Engine/Plugins/Runtime/AndroidDeviceProfileSelector/Binaries/Win64/UE4Editor-AndroidDeviceProfileSelector.dll (API version 3944462).
LogModuleManager: Display: Found up-to-date module file ../../../Engine/Plugins/Runtime/AppleARKit/Binaries/Win64/UE4Editor-AppleARKit.dll (API version 3944462).
LogModuleManager: Display: Found up-to-date module file ../../../Engine/Plugins/Runtime/ProceduralMeshComponent/Binaries/Win64/UE4Editor-ProceduralMeshComponent.dll (API version 3944462).
LogModuleManager: Display: Found up-to-date module file ../../../Engine/Plugins/Runtime/ProceduralMeshComponent/Binaries/Win64/UE4Editor-ProceduralMeshComponentEditor.dll (API version 3944462).
LogModuleManager: Display: Found up-to-date module file ../../../Engine/Plugins/Animation/LiveLink/Binaries/Win64/UE4Editor-LiveLink.dll (API version 3944462).
LogModuleManager: Display: Found up-to-date module file ../../../Engine/Plugins/Animation/LiveLink/Binaries/Win64/UE4Editor-LiveLinkEditor.dll (API version 3944462).
LogModuleManager: Display: Found up-to-date module file ../../../Engine/Plugins/Runtime/ArchVisCharacter/Binaries/Win64/UE4Editor-ArchVisCharacter.dll (API version 3944462).
LogModuleManager: Display: Found up-to-date module file ../../../Engine/Plugins/Runtime/AudioCapture/Binaries/Win64/UE4Editor-AudioCapture.dll (API version 3944462).
LogModuleManager: Display: Found up-to-date module file ../../../Engine/Plugins/Runtime/AudioCapture/Binaries/Win64/UE4Editor-AudioCaptureEditor.dll (API version 3944462).
LogModuleManager: Display: Found up-to-date module file ../../../Engine/Plugins/Runtime/CableComponent/Binaries/Win64/UE4Editor-CableComponent.dll (API version 3944462).
LogModuleManager: Display: Found up-to-date module file ../../../Engine/Plugins/Runtime/CustomMeshComponent/Binaries/Win64/UE4Editor-CustomMeshComponent.dll (API version 3944462).
LogModuleManager: Display: Found up-to-date module file ../../../Engine/Plugins/Runtime/ExampleDeviceProfileSelector/Binaries/Win64/UE4Editor-ExampleDeviceProfileSelector.dll (API version 3944462).
LogModuleManager: Display: Found up-to-date module file ../../../Engine/Plugins/Runtime/ImmediatePhysics/Binaries/Win64/UE4Editor-ImmediatePhysics.dll (API version 3944462).
LogModuleManager: Display: Found up-to-date module file ../../../Engine/Plugins/Runtime/ImmediatePhysics/Binaries/Win64/UE4Editor-ImmediatePhysicsEditor.dll (API version 3944462).
LogModuleManager: Display: Found up-to-date module file ../../../Engine/Plugins/Runtime/LocationServicesBPLibrary/Binaries/Win64/UE4Editor-LocationServicesBPLibrary.dll (API version 3944462).
LogModuleManager: Display: Found up-to-date module file ../../../Engine/Plugins/Runtime/MobilePatchingUtils/Binaries/Win64/UE4Editor-MobilePatchingUtils.dll (API version 3944462).
LogModuleManager: Display: Found up-to-date module file ../../../Engine/Plugins/Runtime/Oculus/OculusVR/Binaries/Win64/UE4Editor-OculusHMD.dll (API version 3944462).
LogModuleManager: Display: Found up-to-date module file ../../../Engine/Plugins/Runtime/Oculus/OculusVR/Binaries/Win64/UE4Editor-OculusInput.dll (API version 3944462).
LogModuleManager: Display: Found up-to-date module file ../../../Engine/Plugins/Runtime/Oculus/OculusVR/Binaries/Win64/UE4Editor-OculusEditor.dll (API version 3944462).
LogModuleManager: Display: Found up-to-date module file ../../../Engine/Plugins/Runtime/PhysXVehicles/Binaries/Win64/UE4Editor-PhysXVehicles.dll (API version 3944462).
LogModuleManager: Display: Found up-to-date module file ../../../Engine/Plugins/Runtime/PhysXVehicles/Binaries/Win64/UE4Editor-PhysXVehiclesEditor.dll (API version 3944462).
LogModuleManager: Display: Found up-to-date module file ../../../Engine/Plugins/Runtime/RuntimePhysXCooking/Binaries/Win64/UE4Editor-RuntimePhysXCooking.dll (API version 3944462).
LogModuleManager: Display: Found up-to-date module file ../../../Engine/Plugins/Runtime/Steam/SteamVR/Binaries/Win64/UE4Editor-SteamVR.dll (API version 3944462).
LogModuleManager: Display: Found up-to-date module file ../../../Engine/Plugins/Runtime/Steam/SteamVR/Binaries/Win64/UE4Editor-SteamVRController.dll (API version 3944462).
LogModuleManager: Display: Found up-to-date module file ../../../Engine/Plugins/Runtime/WindowsMoviePlayer/Binaries/Win64/UE4Editor-WindowsMoviePlayer.dll (API version 3944462).
LogPluginManager: Mounting plugin Paper2D
LogPluginManager: Mounting plugin LiveLink
LogPluginManager: Mounting plugin LightPropagationVolume
LogPluginManager: Mounting plugin CLionSourceCodeAccess
LogPluginManager: Mounting plugin CodeLiteSourceCodeAccess
LogPluginManager: Mounting plugin GitSourceControl
LogPluginManager: Mounting plugin KDevelopSourceCodeAccess
LogPluginManager: Mounting plugin NullSourceCodeAccess
LogPluginManager: Mounting plugin PerforceSourceControl
LogPluginManager: Mounting plugin SubversionSourceControl
LogPluginManager: Mounting plugin UObjectPlugin
LogPluginManager: Mounting plugin VisualStudioCodeSourceCodeAccess
LogPluginManager: Mounting plugin VisualStudioSourceCodeAccess
LogPluginManager: Mounting plugin XCodeSourceCodeAccess
LogPluginManager: Mounting plugin AssetManagerEditor
LogPluginManager: Mounting plugin CryptoKeys
LogPluginManager: Mounting plugin DataValidation
LogPluginManager: Mounting plugin FacialAnimation
LogPluginManager: Mounting plugin GameplayTagsEditor
LogPluginManager: Mounting plugin MobileLauncherProfileWizard
LogPluginManager: Mounting plugin PluginBrowser
LogPluginManager: Mounting plugin SpeedTreeImporter
LogPluginManager: Mounting plugin DatasmithContent
LogPluginManager: Mounting plugin AlembicImporter
LogPluginManager: Mounting plugin CharacterAI
LogPluginManager: Mounting plugin HTML5Networking
LogPluginManager: Mounting plugin AndroidMedia
LogPluginManager: Mounting plugin AvfMedia
LogPluginManager: Mounting plugin ImgMedia
LogPluginManager: Mounting plugin LinearTimecode
LogPluginManager: Mounting plugin MediaCompositing
LogPluginManager: Mounting plugin MediaPlayerEditor
LogPluginManager: Mounting plugin WmfMedia
LogPluginManager: Mounting plugin TcpMessaging
LogPluginManager: Mounting plugin UdpMessaging
LogPluginManager: Mounting plugin ActorSequence
LogPluginManager: Mounting plugin LevelSequenceEditor
LogPluginManager: Mounting plugin MatineeToLevelSequence
LogPluginManager: Mounting plugin NetcodeUnitTest
LogPluginManager: Mounting plugin NUTUnrealEngine4
LogPluginManager: Mounting plugin OnlineSubsystemGooglePlay
LogPluginManager: Mounting plugin OnlineSubsystemIOS
LogPluginManager: Mounting plugin OnlineSubsystem
LogPluginManager: Mounting plugin OnlineSubsystemNull
LogPluginManager: Mounting plugin OnlineSubsystemUtils
LogPluginManager: Mounting plugin AndroidDeviceProfileSelector
LogPluginManager: Mounting plugin AndroidMoviePlayer
LogPluginManager: Mounting plugin AndroidPermission
LogPluginManager: Mounting plugin AppleARKit
LogPluginManager: Mounting plugin AppleMoviePlayer
LogPluginManager: Mounting plugin ArchVisCharacter
LogPluginManager: Mounting plugin AudioCapture
LogPluginManager: Mounting plugin CableComponent
LogPluginManager: Mounting plugin CustomMeshComponent
LogPluginManager: Mounting plugin ExampleDeviceProfileSelector
LogPluginManager: Mounting plugin GoogleCloudMessaging
LogPluginManager: Mounting plugin ImmediatePhysics
LogPluginManager: Mounting plugin IOSDeviceProfileSelector
LogPluginManager: Mounting plugin LinuxDeviceProfileSelector
LogPluginManager: Mounting plugin LocationServicesBPLibrary
LogPluginManager: Mounting plugin MobilePatchingUtils
LogPluginManager: Mounting plugin OculusVR
LogPluginManager: Plugin shader directory ../../../Engine/Plugins/Runtime/Oculus/OculusVR/Shaders found
LogPluginManager: Mapping shader source directory ../../../Engine/Plugins/Runtime/Oculus/OculusVR/Shaders to virtual directory /Plugin/OculusVR
LogPluginManager: Mounting plugin PhysXVehicles
LogPluginManager: Mounting plugin ProceduralMeshComponent
LogPluginManager: Mounting plugin RuntimePhysXCooking
LogPluginManager: Mounting plugin SteamVR
LogPluginManager: Mounting plugin WindowsMoviePlayer
LogStreaming: Display: Took  0.543s to configure plugins.
LogInit: Using libcurl 7.47.1
LogInit:  - built for x86_64-pc-win32
LogInit:  - supports SSL with OpenSSL/1.0.2g
LogInit:  - supports HTTP deflate (compression) using libz 1.2.8
LogInit:  - other features:
LogInit:      CURL_VERSION_SSL
LogInit:      CURL_VERSION_LIBZ
LogInit:      CURL_VERSION_IPV6
LogInit:      CURL_VERSION_ASYNCHDNS
LogInit:      CURL_VERSION_LARGEFILE
LogInit:      CURL_VERSION_IDN
LogInit:  CurlRequestOptions (configurable via config and command line):
LogInit:  - bVerifyPeer = false  - Libcurl will NOT verify peer certificate
LogInit:  - bUseHttpProxy = false  - Libcurl will NOT use HTTP proxy
LogInit:  - bDontReuseConnections = false  - Libcurl will reuse connections
LogInit:  - CertBundlePath = nullptr  - Libcurl will use whatever was configured at build time.
LogInit:  - MaxHostConnections = 16  - Libcurl will limit the number of connections to a host
LogInit:  - LocalHostAddr = Default
LogInit: WinSock: version 1.1 (2.2), MaxSocks=32767, MaxUdp=65467
LogInit: WinSock: I am DESKTOP-J3J4D8C (192.168.1.11:0)
LogHMD: Failed initializing OVRPlugin 1.21.0
LogInit: Build: ++UE4+Release-4.19-CL-4033788
LogInit: Engine Version: 4.19.2-4033788+++UE4+Release-4.19
LogInit: Compatible Engine Version: 4.19.0-3944462+++UE4+Release-4.19
LogInit: Net CL: 3944462
LogDevObjectVersion: Number of dev versions registered: 18
LogDevObjectVersion:   Dev-Blueprints (B0D832E4-1F89-4F0D-ACCF-7EB736FD4AA2): 10
LogDevObjectVersion:   Dev-Build (E1C64328-A22C-4D53-A36C-8E866417BD8C): 0
LogDevObjectVersion:   Dev-Core (375EC13C-06E4-48FB-B500-84F0262A717E): 2
LogDevObjectVersion:   Dev-Editor (E4B068ED-F494-42E9-A231-DA0B2E46BB41): 23
LogDevObjectVersion:   Dev-Framework (CFFC743F-43B0-4480-9391-14DF171D2073): 33
LogDevObjectVersion:   Dev-Mobile (B02B49B5-BB20-44E9-A304-32B752E40360): 2
LogDevObjectVersion:   Dev-Networking (A4E4105C-59A1-49B5-A7C5-40C4547EDFEE): 0
LogDevObjectVersion:   Dev-Online (39C831C9-5AE6-47DC-9A44-9C173E1C8E7C): 0
LogDevObjectVersion:   Dev-Physics (78F01B33-EBEA-4F98-B9B4-84EACCB95AA2): 0
LogDevObjectVersion:   Dev-Platform (6631380F-2D4D-43E0-8009-CF276956A95A): 0
LogDevObjectVersion:   Dev-Rendering (12F88B9F-8875-4AFC-A67C-D90C383ABD29): 25
LogDevObjectVersion:   Dev-Sequencer (7B5AE74C-D270-4C10-A958-57980B212A5A): 6
LogDevObjectVersion:   Dev-VR (D7296918-1DD6-4BDD-9DE2-64A83CC13884): 1
LogDevObjectVersion:   Dev-LoadTimes (C2A15278-BFE7-4AFE-6C17-90FF531DF755): 1
LogDevObjectVersion:   Private-Geometry (6EACA3D4-40EC-4CC1-B786-8BED09428FC5): 2
LogDevObjectVersion:   Dev-AnimPhys (29E575DD-E0A3-4627-9D10-D276232CDCEA): 16
LogDevObjectVersion:   Dev-ReflectionCapture (6B266CEC-1EC7-4B8F-A30B-E4D90942FC07): 1
LogDevObjectVersion:   Dev-Automation (0DF73D61-A23F-47EA-B727-89E90C41499A): 1
LogInit: Compiled (64-bit): Apr 27 2018 02:06:57
LogInit: Compiled with Visual C++: 19.00.24215.01
LogInit: Build Configuration: Development
LogInit: Branch Name: ++UE4+Release-4.19
LogInit: Command Line: -EpicPortal 
LogInit: Base Directory: D:/Games/UE_4.19/Engine/Binaries/Win64/
LogInit: Installed Engine Build: 1
LogStreaming: Display: Took  0.001s to delete old logs.
LogInit: Presizing for max 8388607 objects, including 0 objects not considered by GC, pre-allocating 0 bytes for permanent pool.
LogInit: Object subsystem initialized
[2018.06.17-03.41.25:347][  0]LogInit: Selected Device Profile: [Windows]
[2018.06.17-03.41.25:347][  0]LogInit: Applying CVar settings loaded from the selected device profile: [Windows]
[2018.06.17-03.41.25:357][  0]LogInit: Computer: DESKTOP-J3J4D8C
[2018.06.17-03.41.25:357][  0]LogInit: User: jedik
[2018.06.17-03.41.25:357][  0]LogInit: CPU Page size=4096, Cores=4
[2018.06.17-03.41.25:357][  0]LogInit: High frequency timer resolution =3.914065 MHz
[2018.06.17-03.41.25:357][  0]LogMemory: Memory total: Physical=15.9GB (16GB approx)
[2018.06.17-03.41.25:357][  0]LogMemory: Platform Memory Stats for Windows
[2018.06.17-03.41.25:357][  0]LogMemory: Process Physical Memory: 278.67 MB used, 278.67 MB peak
[2018.06.17-03.41.25:357][  0]LogMemory: Process Virtual Memory: 269.09 MB used, 269.09 MB peak
[2018.06.17-03.41.25:357][  0]LogMemory: Physical Memory: 10094.82 MB used,  6211.78 MB free, 16306.60 MB total
[2018.06.17-03.41.25:357][  0]LogMemory: Virtual Memory: 4838.99 MB used,  6211.78 MB free, 134217728.00 MB total
[2018.06.17-03.41.25:368][  0]LogInit: Using OS detected language (en-US).
[2018.06.17-03.41.25:368][  0]LogInit: Using OS detected locale (en-US).
[2018.06.17-03.41.25:370][  0]LogTextLocalizationManager: No specific localization for 'en-US' exists, so the 'en' localization will be used.
[2018.06.17-03.41.25:713][  0]LogStreaming: Display: Took  0.345s to EndInitTextLocalization.
[2018.06.17-03.41.25:713][  0]LogInit: Setting process to per monitor DPI aware
[2018.06.17-03.41.25:754][  0]LogSlate: New Slate User Created.  User Index 0, Is Virtual User: 0
[2018.06.17-03.41.25:754][  0]LogSlate: Slate User Registered.  User Index 0, Is Virtual User: 0
[2018.06.17-03.41.25:887][  0]LogD3D11RHI: D3D11 adapters:
[2018.06.17-03.41.25:936][  0]LogD3D11RHI:    0. 'NVIDIA GeForce GTX 780 Ti' (Feature Level 11_0)
[2018.06.17-03.41.25:936][  0]LogD3D11RHI:       3029/0/8153 MB DedicatedVideo/DedicatedSystem/SharedSystem, Outputs:2, VendorId:0x10de
[2018.06.17-03.41.25:937][  0]LogD3D11RHI:    1. 'Microsoft Basic Render Driver' (Feature Level 11_0)
[2018.06.17-03.41.25:937][  0]LogD3D11RHI:       0/0/8153 MB DedicatedVideo/DedicatedSystem/SharedSystem, Outputs:0, VendorId:0x1414
[2018.06.17-03.41.25:937][  0]LogD3D11RHI: Chosen D3D11 Adapter: 0
[2018.06.17-03.41.25:946][  0]LogD3D11RHI: Creating new Direct3DDevice
[2018.06.17-03.41.25:946][  0]LogD3D11RHI:     GPU DeviceId: 0x100a (for the marketing name, search the web for "GPU Device Id")
[2018.06.17-03.41.25:946][  0]LogWindows: EnumDisplayDevices:
[2018.06.17-03.41.25:947][  0]LogWindows:    0. 'NVIDIA GeForce GTX 780 Ti' (P:1 D:1)
[2018.06.17-03.41.25:947][  0]LogWindows:    1. 'NVIDIA GeForce GTX 780 Ti' (P:0 D:1)
[2018.06.17-03.41.25:947][  0]LogWindows:    2. 'NVIDIA GeForce GTX 780 Ti' (P:0 D:0)
[2018.06.17-03.41.25:947][  0]LogWindows:    3. 'NVIDIA GeForce GTX 780 Ti' (P:0 D:0)
[2018.06.17-03.41.25:947][  0]LogWindows: DebugString: GetVideoDriverDetailsInvalid PrimaryIsNotTheChoosenAdapter GetVideoDriverDetailsInvalid PrimaryIsNotTheChoosenAdapter GetVideoDriverDetailsInvalid PrimaryIsNotTheChoosenAdapter GetVideoDriverDetailsInvalid PrimaryIsNotTheChoosenAdapter FoundDriverCount:0 
[2018.06.17-03.41.25:947][  0]LogD3D11RHI:     Adapter Name: NVIDIA GeForce GTX 780 Ti
[2018.06.17-03.41.25:947][  0]LogD3D11RHI:   Driver Version: Unknown (internal:Unknown, unified:Unknown)
[2018.06.17-03.41.25:947][  0]LogD3D11RHI:      Driver Date: Unknown
[2018.06.17-03.41.25:947][  0]LogRHI: Texture pool is 2120 MB (70% of 3029 MB)
[2018.06.17-03.41.25:974][  0]LogD3D11RHI: [Aftermath] Aftermath enabled and primed
[2018.06.17-03.41.25:974][  0]LogD3D11RHI: [Aftermath] Aftermath enabled and primed
[2018.06.17-03.41.25:974][  0]LogD3D11RHI: Async texture creation enabled
[2018.06.17-03.41.26:042][  0]LogD3D11RHI: GPU Timing Frequency: 1000.000000 (Debug: 2 2)
[2018.06.17-03.41.26:134][  0]LogShaderCompilers: Guid format shader working directory is -20 characters bigger than the processId version (../../../../../Unreal Projects/LightBikes/Light Bikes/PhotonRiders/Intermediate/Shaders/WorkingDirectory/2956/).
[2018.06.17-03.41.26:135][  0]LogShaderCompilers: Cleaned the shader compiler working directory 'C:/Users/jedik/AppData/Local/Temp/UnrealShaderWorkingDir/7D2E6F1C4DE4285C9837029219D4ECD5/'.
[2018.06.17-03.41.26:301][  0]LogTemp: Display: Loaded TP AllDesktopTargetPlatform
[2018.06.17-03.41.26:312][  0]LogTemp: Display: Loaded TP MacClientTargetPlatform
[2018.06.17-03.41.26:322][  0]LogTemp: Display: Loaded TP MacNoEditorTargetPlatform
[2018.06.17-03.41.26:336][  0]LogTemp: Display: Loaded TP MacServerTargetPlatform
[2018.06.17-03.41.26:347][  0]LogTemp: Display: Loaded TP MacTargetPlatform
[2018.06.17-03.41.26:357][  0]LogTemp: Display: Loaded TP WindowsClientTargetPlatform
[2018.06.17-03.41.26:368][  0]LogTemp: Display: Loaded TP WindowsNoEditorTargetPlatform
[2018.06.17-03.41.26:378][  0]LogTemp: Display: Loaded TP WindowsServerTargetPlatform
[2018.06.17-03.41.26:383][  0]LogTemp: Display: Loaded TP WindowsTargetPlatform
[2018.06.17-03.41.26:392][  0]LogTemp: Display: Loaded TP Android_ASTCTargetPlatform
[2018.06.17-03.41.26:403][  0]LogTemp: Display: Loaded TP Android_ATCTargetPlatform
[2018.06.17-03.41.26:413][  0]LogTemp: Display: Loaded TP Android_DXTTargetPlatform
[2018.06.17-03.41.26:422][  0]LogTemp: Display: Loaded TP Android_ETC1aTargetPlatform
[2018.06.17-03.41.26:434][  0]LogTemp: Display: Loaded TP Android_ETC1TargetPlatform
[2018.06.17-03.41.26:446][  0]LogTemp: Display: Loaded TP Android_ETC2TargetPlatform
[2018.06.17-03.41.26:466][  0]LogTemp: Display: Loaded TP Android_MultiTargetPlatform
[2018.06.17-03.41.26:466][  0]LogTemp: Display: Loaded TP Android_PVRTCTargetPlatform
[2018.06.17-03.41.26:476][  0]LogTemp: Display: Loaded TP AndroidTargetPlatform
[2018.06.17-03.41.26:477][  0]LogTemp: Display: Loaded TP HTML5TargetPlatform
[2018.06.17-03.41.26:510][  0]LogTemp: Display: Loaded TP IOSTargetPlatform
[2018.06.17-03.41.26:519][  0]LogTemp: Display: Loaded TP TVOSTargetPlatform
[2018.06.17-03.41.26:529][  0]LogTemp: Display: Loaded TP LinuxClientTargetPlatform
[2018.06.17-03.41.26:544][  0]LogTemp: Display: Loaded TP LinuxNoEditorTargetPlatform
[2018.06.17-03.41.26:556][  0]LogTemp: Display: Loaded TP LinuxServerTargetPlatform
[2018.06.17-03.41.26:569][  0]LogTemp: Display: Loaded TP LinuxTargetPlatform
[2018.06.17-03.41.26:569][  0]LogTargetPlatformManager: Display: Building Assets For Windows
[2018.06.17-03.41.26:630][  0]LogXGEController: Cannot use XGE Controller as Incredibuild is not installed on this machine.
[2018.06.17-03.41.26:630][  0]LogShaderCompilers: Cannot use XGE Shader Compiler as Incredibuild is not installed on this machine.
[2018.06.17-03.41.26:630][  0]LogShaderCompilers: Display: Using Local Shader Compiler.
[2018.06.17-03.41.27:144][  0]LogDerivedDataCache: Display: Max Cache Size: 512 MB
[2018.06.17-03.41.27:203][  0]LogDerivedDataCache: Loaded boot cache 0.06s 88MB C:/Users/jedik/AppData/Local/UnrealEngine/4.19/DerivedDataCache/Boot.ddc.
[2018.06.17-03.41.27:203][  0]LogDerivedDataCache: Display: Loaded Boot cache: C:/Users/jedik/AppData/Local/UnrealEngine/4.19/DerivedDataCache/Boot.ddc
[2018.06.17-03.41.27:203][  0]LogDerivedDataCache: FDerivedDataBackendGraph:  Pak pak cache file ../../../../../Unreal Projects/LightBikes/Light Bikes/PhotonRiders/DerivedDataCache/DDC.ddp not found, will not use a pak cache.
[2018.06.17-03.41.27:203][  0]LogDerivedDataCache: Unable to find inner node Pak for hierarchical cache Hierarchy.
[2018.06.17-03.41.27:203][  0]LogDerivedDataCache: FDerivedDataBackendGraph:  CompressedPak pak cache file ../../../../../Unreal Projects/LightBikes/Light Bikes/PhotonRiders/DerivedDataCache/Compressed.ddp not found, will not use a pak cache.
[2018.06.17-03.41.27:203][  0]LogDerivedDataCache: Unable to find inner node CompressedPak for hierarchical cache Hierarchy.
[2018.06.17-03.41.27:215][  0]LogDerivedDataCache: Display: Pak cache opened for reading ../../../Engine/DerivedDataCache/Compressed.ddp.
[2018.06.17-03.41.27:227][  0]LogDerivedDataCache: Using Local data cache path C:/Users/jedik/AppData/Local/UnrealEngine/Common/DerivedDataCache: Writable
[2018.06.17-03.41.27:227][  0]LogDerivedDataCache: Shared data cache path not found in *engine.ini, will not use an Shared cache.
[2018.06.17-03.41.27:227][  0]LogDerivedDataCache: Unable to find inner node Shared for hierarchical cache Hierarchy.
[2018.06.17-03.41.27:235][  0]LogMaterial: Verifying Global Shaders for PCD3D_SM5
[2018.06.17-03.41.27:236][  0]LogSlate: Using Freetype 2.6.0
[2018.06.17-03.41.27:236][  0]LogSlate: SlateFontCache - WITH_FREETYPE: 1, WITH_HARFBUZZ: 1
[2018.06.17-03.41.27:236][  0]LogSlate: SlateFontCache - WITH_FREETYPE: 1, WITH_HARFBUZZ: 1
[2018.06.17-03.41.27:320][  0]LogAssetRegistry: FAssetRegistry took 0.0248 seconds to start up
[2018.06.17-03.41.27:569][  0]LogInit: Selected Device Profile: [Windows]
[2018.06.17-03.41.27:675][  0]LogSimplygon: Simplygon DLL not present - disabling.
[2018.06.17-03.41.27:677][  0]LogMeshReduction: Using SimplygonSwarm for distributed automatic mesh merging
[2018.06.17-03.41.27:677][  0]LogMeshReduction: Using QuadricMeshReduction for automatic static mesh reduction
[2018.06.17-03.41.27:677][  0]LogMeshReduction: No automatic skeletal mesh reduction module available
[2018.06.17-03.41.27:677][  0]LogMeshReduction: No automatic mesh merging module available
[2018.06.17-03.41.27:677][  0]LogMeshMerging: No automatic mesh merging module available
[2018.06.17-03.41.27:701][  0]LogNetVersion: PhotonRiders , NetCL: 3944462, EngineNetVer: 2, GameNetVer: 0 (Checksum: 3646893857)
[2018.06.17-03.41.28:033][  0]LogPackageLocalizationCache: Processed 9 localized package path(s) for 2 prioritized culture(s) in 0.075548 seconds
[2018.06.17-03.41.28:038][  0]LogUObjectArray: 36728 objects as part of root set at end of initial load.
[2018.06.17-03.41.28:038][  0]LogUObjectAllocator: 7314304 out of 0 bytes used by permanent object pool.
[2018.06.17-03.41.28:038][  0]LogUObjectArray: CloseDisregardForGC: 0/0 objects in disregard for GC pool
[2018.06.17-03.41.29:202][  0]LogTcpMessaging: Initializing TcpMessaging bridge
[2018.06.17-03.41.29:222][  0]LogUdpMessaging: Initializing bridge on interface 0.0.0.0:0 to multicast group 230.0.0.1:6666.
[2018.06.17-03.41.29:441][  0]SourceControl: Source control is disabled
[2018.06.17-03.41.29:441][  0]SourceControl: Source control is disabled
[2018.06.17-03.41.29:450][  0]SourceControl: Source control is disabled
[2018.06.17-03.41.29:458][  0]SourceControl: Source control is disabled
[2018.06.17-03.41.29:750][  0]LogAndroidPermission: UAndroidPermissionCallbackProxy::GetInstance
[2018.06.17-03.41.29:856][  0]LogOcInput: OculusInput pre-init called
[2018.06.17-03.41.29:923][  0]LogEngine: Initializing Engine...
[2018.06.17-03.41.29:924][  0]LogHMD: Failed to initialize OpenVR with code 110
[2018.06.17-03.41.29:925][  0]LogStats: UGameplayTagsManager::ConstructGameplayTagTree: Construct from data asset -  0.000 s
[2018.06.17-03.41.29:925][  0]LogStats: UGameplayTagsManager::ConstructGameplayTagTree: GameplayTagTreeChangedEvent.Broadcast -  0.000 s
[2018.06.17-03.41.30:088][  0]LogAIModule: Creating AISystem for world Untitled
[2018.06.17-03.41.30:110][  0]LogInit: XAudio2 using 'DENON-AVAMP (NVIDIA High Definition Audio)' : 2 channels at 48 kHz using 16 bits per sample (channel mask 0x3)
[2018.06.17-03.41.30:119][  0]LogInit: FAudioDevice initialized.
[2018.06.17-03.41.30:191][  0]LogDerivedDataCache: Saved boot cache 0.07s 88MB C:/Users/jedik/AppData/Local/UnrealEngine/4.19/DerivedDataCache/Boot.ddc.
[2018.06.17-03.41.30:205][  0]LogInit: Texture streaming: Enabled
[2018.06.17-03.41.30:215][  0]LogEngineSessionManager: EngineSessionManager initialized
[2018.06.17-03.41.30:226][  0]LogInit: Transaction tracking system initialized
[2018.06.17-03.41.30:238][  0]BlueprintLog: New page: Editor Load
[2018.06.17-03.41.30:280][  0]LocalizationService: Localization service is disabled
[2018.06.17-03.41.30:328][  0]LogLinker: Warning: Can't find file '/Game/VehicleBP/VehicleOverview'
[2018.06.17-03.41.30:328][  0]LogLinker: Warning: Can't find file '/Game/VehicleBP/VehicleOverview'
[2018.06.17-03.41.30:328][  0]LogUObjectGlobals: Warning: Failed to find object 'Class /Game/VehicleBP/VehicleOverview.VehicleOverview_C'
[2018.06.17-03.41.30:342][  0]LogConsoleResponse: Display: 
[2018.06.17-03.41.30:453][  0]LogCook: Display: Max memory allowance for cook 16384mb min free memory 0mb
[2018.06.17-03.41.30:453][  0]LogCook: Display: Mobile HDR setting 1
[2018.06.17-03.41.30:453][  0]LogGameplayTags: Display: UGameplayTagsManager::DoneAddingNativeTags. DelegateIsBound: 0
[2018.06.17-03.41.30:453][  0]LogStats: UGameplayTagsManager::ConstructGameplayTagTree: Construct from data asset -  0.000 s
[2018.06.17-03.41.30:453][  0]LogStats: UGameplayTagsManager::ConstructGameplayTagTree: GameplayTagTreeChangedEvent.Broadcast -  0.000 s
[2018.06.17-03.41.30:665][  0]LogFileCache: Scanning file cache for directory 'D:/Unreal Projects/LightBikes/Light Bikes/PhotonRiders/Content/' took 0.01s
[2018.06.17-03.41.30:665][  0]SourceControl: Source control is disabled
[2018.06.17-03.41.30:665][  0]Cmd: MAP LOAD FILE="../../../../../Unreal Projects/LightBikes/Light Bikes/PhotonRiders/Content/VirtualRealityBP/Maps/StartupMap.umap" TEMPLATE=0 SHOWPROGRESS=1 FEATURELEVEL=3
[2018.06.17-03.41.30:666][  0]LightingResults: New page: Lighting Build
[2018.06.17-03.41.30:667][  0]MapCheck: New page: Map Check
[2018.06.17-03.41.30:667][  0]LightingResults: New page: Lighting Build
[2018.06.17-03.41.30:726][  0]LogSkeletalMesh: Skeletal Mesh found in DDC [1.649947ms] /Game/VirtualReality/Mannequin/Character/Mesh/MannequinHand_Right.MannequinHand_Right
[2018.06.17-03.41.30:742][  0]LogAIModule: Creating AISystem for world StartupMap
[2018.06.17-03.41.30:749][  0]LogEditorServer: Finished looking for orphan Actors (0.000 secs)
[2018.06.17-03.41.30:758][  0]Cmd: MAP CHECKDEP NOCLEARLOG
[2018.06.17-03.41.30:785][  0]MapCheck: Map check complete: 0 Error(s), 0 Warning(s), took 28.05ms to complete.
[2018.06.17-03.41.30:785][  0]LogFileHelpers: Loading map 'StartupMap' took 0.120
[2018.06.17-03.41.30:919][  0]LogCollectionManager: Loaded 0 collections in 0.001059 seconds
[2018.06.17-03.41.30:960][  0]LogFileCache: Scanning file cache for directory 'D:/Unreal Projects/LightBikes/Light Bikes/PhotonRiders/Saved/Collections/' took 0.01s
[2018.06.17-03.41.30:960][  0]LogFileCache: Scanning file cache for directory 'D:/Unreal Projects/LightBikes/Light Bikes/PhotonRiders/Content/Developers/jedik/Collections/' took 0.01s
[2018.06.17-03.41.30:960][  0]LogFileCache: Scanning file cache for directory 'D:/Unreal Projects/LightBikes/Light Bikes/PhotonRiders/Content/Collections/' took 0.01s
[2018.06.17-03.41.30:960][  0]LogCollectionManager: Rebuilt the GUID cache for 0 collections in 0.000001 seconds
[2018.06.17-03.41.30:967][  0]LogContentBrowser: Native class hierarchy populated in 0.0068 seconds. Added 2452 classes and 558 folders.
[2018.06.17-03.41.30:970][  0]LogContentBrowser: Native class hierarchy updated for 'WidgetCarousel' in 0.0001 seconds. Added 0 classes and 0 folders.
[2018.06.17-03.41.30:996][  0]LogContentBrowser: Native class hierarchy updated for 'AddContentDialog' in 0.0002 seconds. Added 0 classes and 0 folders.
[2018.06.17-03.41.30:999][  0]LogContentBrowser: Native class hierarchy updated for 'SceneOutliner' in 0.0002 seconds. Added 1 classes and 2 folders.
[2018.06.17-03.41.31:050][  0]LogSlate: Took 0.000215 seconds to synchronously load lazily loaded font '../../../Engine/Content/Slate/Fonts/Roboto-Regular.ttf' (155K)
[2018.06.17-03.41.31:052][  0]LogSlate: Took 0.000190 seconds to synchronously load lazily loaded font '../../../Engine/Content/Slate/Fonts/Roboto-Bold.ttf' (160K)
[2018.06.17-03.41.31:058][  0]LogSlate: Took 0.000172 seconds to synchronously load lazily loaded font '../../../Engine/Content/Editor/Slate/Fonts/FontAwesome.ttf' (139K)
[2018.06.17-03.41.31:133][  0]LogRenderer: Reallocating scene render targets to support 1208x576 Format 26 NumSamples 1 (Frame:1).
[2018.06.17-03.41.31:240][  0]LogContentBrowser: Native class hierarchy updated for 'HierarchicalLODOutliner' in 0.0002 seconds. Added 0 classes and 0 folders.
[2018.06.17-03.41.31:240][  0]LogLoad: (Engine Initialization) Total time: 7.95 seconds
[2018.06.17-03.41.31:240][  0]LogLoad: (Engine Initialization) Total Blueprint compile time: 0.00 seconds
[2018.06.17-03.41.31:249][  0]LogWindowsTextInputMethodSystem: Display: IME system now deactivated.
[2018.06.17-03.41.31:268][  0]LogContentStreaming: Texture pool size now 1000 MB
[2018.06.17-03.41.31:294][  0]LogSlate: Took 0.000106 seconds to synchronously load lazily loaded font '../../../Engine/Content/Slate/Fonts/Roboto-Light.ttf' (167K)
[2018.06.17-03.41.31:317][  1]LogAssetRegistry: Asset discovery search completed in 4.0192 seconds
[2018.06.17-03.41.31:318][  1]LogCollectionManager: Rebuilt the object cache for 0 collections in 0.000000 seconds (found 0 objects)
[2018.06.17-03.41.31:318][  1]LogCollectionManager: Fixed up redirectors for 0 collections in 0.000039 seconds (updated 0 objects)
[2018.06.17-03.42.01:965][671]LogSlate: FSceneViewport::OnFocusLost() reason 0
[2018.06.17-03.42.02:729][762]LogSlate: Took 0.000155 seconds to synchronously load lazily loaded font '../../../Engine/Content/Slate/Fonts/Roboto-Light.ttf' (167K)
[2018.06.17-03.42.02:800][762]LogUObjectGlobals: Created PersistentFrame Addr=0x000001d750392020, Size=32, Default__BP_PickupCube_C Function /Game/VirtualRealityBP/Blueprints/BP_PickupCube.BP_PickupCube_C:ExecuteUbergraph_BP_PickupCube
[2018.06.17-03.42.02:802][762]LogUObjectGlobals: Destroyed PersistentFrame Addr=0x000001d750392020, Size=32
[2018.06.17-03.42.02:802][762]LogUObjectGlobals: Created PersistentFrame Addr=0x000001d750392020, Size=32, Default__BP_PickupCube_C Function /Engine/Transient.REINST_BP_PickupCube_C_7:ExecuteUbergraph_BP_PickupCube
[2018.06.17-03.42.02:803][762]LogUObjectGlobals: Created PersistentFrame Addr=0x000001d7503917c0, Size=32, Default__BP_PickupCube_C Function /Game/VirtualRealityBP/Blueprints/BP_PickupCube.BP_PickupCube_C:ExecuteUbergraph_BP_PickupCube
[2018.06.17-03.42.02:813][762]LogUObjectGlobals: Created PersistentFrame Addr=0x000001d7404787d8, Size=24, Default__RightHand_AnimBP_C Function /Game/VirtualReality/Mannequin/Animations/RightHand_AnimBP.RightHand_AnimBP_C:ExecuteUbergraph_RightHand_AnimBP
[2018.06.17-03.42.02:815][762]LogUObjectGlobals: Destroyed PersistentFrame Addr=0x000001d7404787d8, Size=24
[2018.06.17-03.42.02:815][762]LogUObjectGlobals: Created PersistentFrame Addr=0x000001d7404787d8, Size=24, Default__RightHand_AnimBP_C Function /Engine/Transient.REINST_RightHand_AnimBP_C_0:ExecuteUbergraph_RightHand_AnimBP
[2018.06.17-03.42.02:817][762]LogUObjectGlobals: Created PersistentFrame Addr=0x000001d7414cfd30, Size=24, Default__RightHand_AnimBP_C Function /Game/VirtualReality/Mannequin/Animations/RightHand_AnimBP.RightHand_AnimBP_C:ExecuteUbergraph_RightHand_AnimBP
[2018.06.17-03.42.02:828][762]LogUObjectGlobals: Created PersistentFrame Addr=0x000001d750322c00, Size=968, Default__BP_MotionController_C Function /Game/VirtualRealityBP/Blueprints/BP_MotionController.BP_MotionController_C:ExecuteUbergraph_BP_MotionController
[2018.06.17-03.42.02:849][762]LogUObjectGlobals: Destroyed PersistentFrame Addr=0x000001d750322c00, Size=968
[2018.06.17-03.42.02:849][762]LogUObjectGlobals: Created PersistentFrame Addr=0x000001d750322c00, Size=968, Default__BP_MotionController_C Function /Engine/Transient.REINST_BP_MotionController_C_10:ExecuteUbergraph_BP_MotionController
[2018.06.17-03.42.02:867][762]LogUObjectGlobals: Created PersistentFrame Addr=0x000001d750320c00, Size=968, Default__BP_MotionController_C Function /Game/VirtualRealityBP/Blueprints/BP_MotionController.BP_MotionController_C:ExecuteUbergraph_BP_MotionController
[2018.06.17-03.42.02:872][762]LogUObjectGlobals: Created PersistentFrame Addr=0x000001d774bbac00, Size=512, Default__MotionControllerPawn_C Function /Game/VirtualRealityBP/Blueprints/MotionControllerPawn.MotionControllerPawn_C:ExecuteUbergraph_MotionControllerPawn
[2018.06.17-03.42.02:878][762]LogUObjectGlobals: Destroyed PersistentFrame Addr=0x000001d774bbac00, Size=512
[2018.06.17-03.42.02:878][762]LogUObjectGlobals: Created PersistentFrame Addr=0x000001d774bbac00, Size=512, Default__MotionControllerPawn_C Function /Engine/Transient.REINST_MotionControllerPawn_C_12:ExecuteUbergraph_MotionControllerPawn
[2018.06.17-03.42.02:884][762]LogUObjectGlobals: Created PersistentFrame Addr=0x000001d7502e3e00, Size=512, Default__MotionControllerPawn_C Function /Game/VirtualRealityBP/Blueprints/MotionControllerPawn.MotionControllerPawn_C:ExecuteUbergraph_MotionControllerPawn
[2018.06.17-03.42.03:039][762]LogAIModule: Creating AISystem for world MotionControllerMap
[2018.06.17-03.42.03:058][762]LogUObjectGlobals: Destroyed PersistentFrame Addr=0x000001d750392020, Size=32
[2018.06.17-03.42.03:058][762]LogUObjectGlobals: Destroyed PersistentFrame Addr=0x000001d7404787d8, Size=24
[2018.06.17-03.42.03:058][762]LogUObjectGlobals: Destroyed PersistentFrame Addr=0x000001d750322c00, Size=968
[2018.06.17-03.42.03:058][762]LogUObjectGlobals: Destroyed PersistentFrame Addr=0x000001d774bbac00, Size=512
[2018.06.17-03.42.03:060][762]Cmd: MAP LOAD FILE="../../../../../Unreal Projects/LightBikes/Light Bikes/PhotonRiders/Content/VirtualRealityBP/Maps/MotionControllerMap.umap" TEMPLATE=0 SHOWPROGRESS=1 FEATURELEVEL=3
[2018.06.17-03.42.03:060][762]LightingResults: New page: Lighting Build
[2018.06.17-03.42.03:061][762]LoadErrors: New page: Loading map: MotionControllerMap.umap
[2018.06.17-03.42.03:061][762]MapCheck: New page: Map Check
[2018.06.17-03.42.03:061][762]LightingResults: New page: Lighting Build
[2018.06.17-03.42.03:115][762]LogEditorServer: Finished looking for orphan Actors (0.000 secs)
[2018.06.17-03.42.03:145][762]Cmd: MAP CHECKDEP NOCLEARLOG
[2018.06.17-03.42.03:174][762]MapCheck: Map check complete: 0 Error(s), 0 Warning(s), took 28.868ms to complete.
[2018.06.17-03.42.03:174][762]LogFileHelpers: Loading map 'MotionControllerMap' took 0.114
[2018.06.17-03.42.20:210][800]LogEditorViewport: Clicking on Actor (LMB): MotionControllerPawn_C (VRPawn)
[2018.06.17-03.42.23:578][197]LogSlate: FSceneViewport::OnFocusLost() reason 0
[2018.06.17-03.42.23:881][208]LogContentBrowser: Native class hierarchy updated for 'BlueprintGraph' in 0.0004 seconds. Added 116 classes and 0 folders.
[2018.06.17-03.42.24:103][208]LogUObjectGlobals: Created PersistentFrame Addr=0x000001d779d51a10, Size=4, Default__SKEL_PROTO_BP_AnimBlueprint_0_C Function /Engine/Transient.SKEL_PROTO_BP_AnimBlueprint_0_C:ExecuteUbergraph_PROTO_BP_AnimBlueprint_0
[2018.06.17-03.42.24:103][208]LogUObjectGlobals: Created PersistentFrame Addr=0x000001d779d51a08, Size=4, Default__PROTO_BP_AnimBlueprint_0_C Function /Engine/Transient.PROTO_BP_AnimBlueprint_0_C:ExecuteUbergraph_PROTO_BP_AnimBlueprint_0
[2018.06.17-03.42.24:415][208]LogSlate: Took 0.000151 seconds to synchronously load lazily loaded font '../../../Engine/Content/Slate/Fonts/Roboto-BoldCondensed.ttf' (158K)
[2018.06.17-03.42.24:514][209]LogSlate: Took 0.000197 seconds to synchronously load lazily loaded font '../../../Engine/Content/Slate/Fonts/Roboto-Italic.ttf' (157K)
[2018.06.17-03.42.34:448][148]LogSlate: Only BGRA pngs, bmps or icos are supported in by External Image Picker
[2018.06.17-03.42.34:488][148]LogTemp: Executing iPhonePackager certificates Engine -bundlename com.YourCompany.PhotonRiders
[2018.06.17-03.42.34:488][148]LogTemp: CWD: D:\Games\UE_4.19\Engine\Binaries\DotNET\IOS
[2018.06.17-03.42.34:488][148]LogTemp: Initial Dir: D:\Games\UE_4.19
[2018.06.17-03.42.34:488][148]LogTemp: Env CWD: D:\Games\UE_4.19\Engine\Binaries\DotNET\IOS
[2018.06.17-03.42.34:559][149]LogTemp: BranchPath = DESKTOP-J3J4D8C/D/Games/UE_4.19/Engine/Binaries --- GameBranchPath = DESKTOP-J3J4D8C/D/Games/UE_4.19/Engine/Binaries
[2018.06.17-03.42.34:559][149]LogTemp: IPP ERROR: Could not find provision directory 'C:\Users\jedik\AppData\Local/Apple Computer/MobileDevice/Provisioning Profiles/'.
[2018.06.17-03.42.49:660][495]LogSlate: Window 'Project Settings' being destroyed
[2018.06.17-03.42.49:663][495]LogSlate: Window 'Project Settings' being destroyed
[2018.06.17-03.43.43:417][209]LogSavePackage: Save=39.34ms
[2018.06.17-03.43.43:418][209]LogSavePackage: Moving '../../../../../Unreal Projects/LightBikes/Light Bikes/PhotonRiders/Saved/MotionControllerPawn460F68BD4030E4D31DD66D8C5CE70F5F.tmp' to '../../../../../Unreal Projects/LightBikes/Light Bikes/PhotonRiders/Content/VirtualRealityBP/Blueprints/MotionControllerPawn.uasset'
[2018.06.17-03.43.43:422][209]LogSavePackage: Display: Finished SavePackage ../../../../../Unreal Projects/LightBikes/Light Bikes/PhotonRiders/Content/VirtualRealityBP/Blueprints/MotionControllerPawn.uasset
[2018.06.17-03.45.14:947][ 39]LogEditorViewport: Clicking on Actor (LMB): MotionControllerPawn_C (VRPawn)
[2018.06.17-03.45.15:702][128]LogSlate: FSceneViewport::OnFocusLost() reason 0
[2018.06.17-03.45.26:572][407]LogSavePackage: Save=132.71ms
[2018.06.17-03.45.26:572][407]LogSavePackage: Moving '../../../../../Unreal Projects/LightBikes/Light Bikes/PhotonRiders/Saved/MotionControllerMap92D0DF06415D5FDC3F84E9AC2DC083F1.tmp' to '../../../../../Unreal Projects/LightBikes/Light Bikes/PhotonRiders/Content/VirtualRealityBP/Maps/MotionControllerMap.umap'
[2018.06.17-03.45.26:575][407]LogSavePackage: Display: Finished SavePackage ../../../../../Unreal Projects/LightBikes/Light Bikes/PhotonRiders/Content/VirtualRealityBP/Maps/MotionControllerMap.umap
[2018.06.17-03.45.26:766][407]LogSavePackage: Save=157.67ms
[2018.06.17-03.45.26:766][407]LogSavePackage: Moving '../../../../../Unreal Projects/LightBikes/Light Bikes/PhotonRiders/Saved/MotionControllerMap_BuiltDataB81708A04A8A9AD21A51E4A9CA4346BB.tmp' to '../../../../../Unreal Projects/LightBikes/Light Bikes/PhotonRiders/Content/VirtualRealityBP/Maps/MotionControllerMap_BuiltData.uasset'
[2018.06.17-03.45.26:768][407]LogSavePackage: Display: Finished SavePackage ../../../../../Unreal Projects/LightBikes/Light Bikes/PhotonRiders/Content/VirtualRealityBP/Maps/MotionControllerMap_BuiltData.uasset
[2018.06.17-03.45.27:491][493]LogEditorViewport: Clicking on Actor (LMB): Character (BikeCharacter)
[2018.06.17-03.45.29:520][725]Cmd: DELETE
[2018.06.17-03.45.29:520][725]Cmd: ACTOR DELETE
[2018.06.17-03.45.29:527][725]LogEditorActor: Deleted Actor: Character
[2018.06.17-03.45.29:542][725]LogEditorActor: Deleted 1 Actors (0.018 secs)
[2018.06.17-03.45.31:068][907]LogSlate: FSceneViewport::OnFocusLost() reason 2
[2018.06.17-03.45.31:208][907]LogSavePackage: Save=118.73ms
[2018.06.17-03.45.31:208][907]LogSavePackage: Moving '../../../../../Unreal Projects/LightBikes/Light Bikes/PhotonRiders/Saved/MotionControllerMap19593C13426F574ECC2413B3B74B089F.tmp' to '../../../../../Unreal Projects/LightBikes/Light Bikes/PhotonRiders/Content/VirtualRealityBP/Maps/MotionControllerMap.umap'
[2018.06.17-03.45.31:212][907]LogSavePackage: Display: Finished SavePackage ../../../../../Unreal Projects/LightBikes/Light Bikes/PhotonRiders/Content/VirtualRealityBP/Maps/MotionControllerMap.umap
[2018.06.17-03.45.31:352][907]LogSavePackage: Save=114.09ms
[2018.06.17-03.45.31:352][907]LogSavePackage: Moving '../../../../../Unreal Projects/LightBikes/Light Bikes/PhotonRiders/Saved/MotionControllerMap_BuiltData41784DA54A58CB8A46273EB5B23D6E8D.tmp' to '../../../../../Unreal Projects/LightBikes/Light Bikes/PhotonRiders/Content/VirtualRealityBP/Maps/MotionControllerMap_BuiltData.uasset'
[2018.06.17-03.45.31:354][907]LogSavePackage: Display: Finished SavePackage ../../../../../Unreal Projects/LightBikes/Light Bikes/PhotonRiders/Content/VirtualRealityBP/Maps/MotionControllerMap_BuiltData.uasset
[2018.06.17-03.45.32:440][ 19]LogSavePackage: Save=119.09ms
[2018.06.17-03.45.32:440][ 19]LogSavePackage: Moving '../../../../../Unreal Projects/LightBikes/Light Bikes/PhotonRiders/Saved/MotionControllerMap4EE77623434F45B0EEE4CBAB10775738.tmp' to '../../../../../Unreal Projects/LightBikes/Light Bikes/PhotonRiders/Content/VirtualRealityBP/Maps/MotionControllerMap.umap'
[2018.06.17-03.45.32:443][ 19]LogSavePackage: Display: Finished SavePackage ../../../../../Unreal Projects/LightBikes/Light Bikes/PhotonRiders/Content/VirtualRealityBP/Maps/MotionControllerMap.umap
[2018.06.17-03.45.32:584][ 19]LogSavePackage: Save=111.18ms
[2018.06.17-03.45.32:585][ 19]LogSavePackage: Moving '../../../../../Unreal Projects/LightBikes/Light Bikes/PhotonRiders/Saved/MotionControllerMap_BuiltDataB0822ACE4D18AA7AD0BA8EAF8890563F.tmp' to '../../../../../Unreal Projects/LightBikes/Light Bikes/PhotonRiders/Content/VirtualRealityBP/Maps/MotionControllerMap_BuiltData.uasset'
[2018.06.17-03.45.32:586][ 19]LogSavePackage: Display: Finished SavePackage ../../../../../Unreal Projects/LightBikes/Light Bikes/PhotonRiders/Content/VirtualRealityBP/Maps/MotionControllerMap_BuiltData.uasset
[2018.06.17-03.45.39:567][856]LogEditorViewport: Clicking on Actor (LMB): MotionControllerPawn_C (VRPawn)
[2018.06.17-03.45.44:640][455]LogSlate: FSceneViewport::OnFocusLost() reason 0
[2018.06.17-03.46.39:203][942]LogSlate: FSceneViewport::OnFocusLost() reason 2
[2018.06.17-03.46.39:351][942]LogSavePackage: Save=125.58ms
[2018.06.17-03.46.39:351][942]LogSavePackage: Moving '../../../../../Unreal Projects/LightBikes/Light Bikes/PhotonRiders/Saved/MotionControllerMap47BCB4F847FF5480273620AFE73B3192.tmp' to '../../../../../Unreal Projects/LightBikes/Light Bikes/PhotonRiders/Content/VirtualRealityBP/Maps/MotionControllerMap.umap'
[2018.06.17-03.46.39:354][942]LogSavePackage: Display: Finished SavePackage ../../../../../Unreal Projects/LightBikes/Light Bikes/PhotonRiders/Content/VirtualRealityBP/Maps/MotionControllerMap.umap
[2018.06.17-03.46.39:495][942]LogSavePackage: Save=115.04ms
[2018.06.17-03.46.39:495][942]LogSavePackage: Moving '../../../../../Unreal Projects/LightBikes/Light Bikes/PhotonRiders/Saved/MotionControllerMap_BuiltData842EEAC843CA92D1C79295BB00651E92.tmp' to '../../../../../Unreal Projects/LightBikes/Light Bikes/PhotonRiders/Content/VirtualRealityBP/Maps/MotionControllerMap_BuiltData.uasset'
[2018.06.17-03.46.39:497][942]LogSavePackage: Display: Finished SavePackage ../../../../../Unreal Projects/LightBikes/Light Bikes/PhotonRiders/Content/VirtualRealityBP/Maps/MotionControllerMap_BuiltData.uasset
[2018.06.17-03.46.44:008][480]LogSlate: FSceneViewport::OnFocusLost() reason 0
[2018.06.17-03.46.59:763][360]LogTemp: Repeating last play command: Selected Viewport
[2018.06.17-03.46.59:776][360]LogBlueprintUserMessages: Early PlayInEditor Detection: Level '/Game/VirtualRealityBP/Maps/MotionControllerMap.MotionControllerMap:PersistentLevel' has LevelScriptBlueprint '/Game/VirtualRealityBP/Maps/MotionControllerMap.MotionControllerMap:PersistentLevel.MotionControllerMap' with GeneratedClass '/Game/VirtualRealityBP/Maps/MotionControllerMap.MotionControllerMap_C' with ClassGeneratedBy '/Game/VirtualRealityBP/Maps/MotionControllerMap.MotionControllerMap:PersistentLevel.MotionControllerMap'
[2018.06.17-03.46.59:776][360]BlueprintLog: New page: Pre-Play auto-recompile
[2018.06.17-03.46.59:789][360]LogPlayLevel: [PlayLevel] Compiling MotionControllerPawn before play...
[2018.06.17-03.46.59:802][360]LogUObjectGlobals: Destroyed PersistentFrame Addr=0x000001d7502e3e00, Size=512
[2018.06.17-03.46.59:802][360]LogUObjectGlobals: Created PersistentFrame Addr=0x000001d72e997c00, Size=512, Default__MotionControllerPawn_C Function /Engine/Transient.REINST_MotionControllerPawn_C_44:ExecuteUbergraph_MotionControllerPawn
[2018.06.17-03.46.59:808][360]LogUObjectGlobals: Created PersistentFrame Addr=0x000001d72e996a00, Size=512, Default__MotionControllerPawn_C Function /Game/VirtualRealityBP/Blueprints/MotionControllerPawn.MotionControllerPawn_C:ExecuteUbergraph_MotionControllerPawn
[2018.06.17-03.47.00:036][360]LogUObjectGlobals: Destroyed PersistentFrame Addr=0x000001d72e997c00, Size=512
[2018.06.17-03.47.00:037][360]LogPlayLevel: PlayLevel: Blueprint regeneration took 260 ms (1 blueprints)
[2018.06.17-03.47.00:037][360]PIE: New page: PIE session: MotionControllerMap (Jun 16, 2018, 1:47:00 PM)
[2018.06.17-03.47.00:037][360]LogPlayLevel: Creating play world package: /Game/VirtualRealityBP/Maps/UEDPIE_0_MotionControllerMap
[2018.06.17-03.47.00:045][360]LogPlayLevel: PIE: StaticDuplicateObject took: (0.007604s)
[2018.06.17-03.47.00:045][360]LogAIModule: Creating AISystem for world MotionControllerMap
[2018.06.17-03.47.00:045][360]LogPlayLevel: PIE: World Init took: (0.000525s)
[2018.06.17-03.47.00:046][360]LogPlayLevel: PIE: Created PIE world by copying editor world from /Game/VirtualRealityBP/Maps/MotionControllerMap.MotionControllerMap to /Game/VirtualRealityBP/Maps/UEDPIE_0_MotionControllerMap.MotionControllerMap (0.008268s)
[2018.06.17-03.47.00:071][360]LogInit: XAudio2 using 'DENON-AVAMP (NVIDIA High Definition Audio)' : 2 channels at 48 kHz using 16 bits per sample (channel mask 0x3)
[2018.06.17-03.47.00:078][360]LogInit: FAudioDevice initialized.
[2018.06.17-03.47.00:123][360]LogUObjectGlobals: Warning: Failed to find object 'Class None.'
[2018.06.17-03.47.00:123][360]LogLoad: Game class is 'GameModeBase'
[2018.06.17-03.47.00:125][360]LogWorld: Bringing World /Game/VirtualRealityBP/Maps/UEDPIE_0_MotionControllerMap.MotionControllerMap up for play (max tick rate 0) at 2018.06.16-20.47.00
[2018.06.17-03.47.00:125][360]LogWorld: Bringing up level for play took: 0.001565
[2018.06.17-03.47.00:129][360]LogContentBrowser: Native class hierarchy updated for 'MovieSceneCapture' in 0.0002 seconds. Added 11 classes and 0 folders.
[2018.06.17-03.47.00:131][360]PIE: Play in editor start time for /Game/VirtualRealityBP/Maps/UEDPIE_0_MotionControllerMap 0.121
[2018.06.17-03.47.00:131][360]LogBlueprintUserMessages: Late PlayInEditor Detection: Level '/Game/VirtualRealityBP/Maps/MotionControllerMap.MotionControllerMap:PersistentLevel' has LevelScriptBlueprint '/Game/VirtualRealityBP/Maps/MotionControllerMap.MotionControllerMap:PersistentLevel.MotionControllerMap' with GeneratedClass '/Game/VirtualRealityBP/Maps/MotionControllerMap.MotionControllerMap_C' with ClassGeneratedBy '/Game/VirtualRealityBP/Maps/MotionControllerMap.MotionControllerMap:PersistentLevel.MotionControllerMap'
[2018.06.17-03.47.08:363][345]LogBlueprintUserMessages: Early EndPlayMap Detection: Level '/Game/VirtualRealityBP/Maps/MotionControllerMap.MotionControllerMap:PersistentLevel' has LevelScriptBlueprint '/Game/VirtualRealityBP/Maps/MotionControllerMap.MotionControllerMap:PersistentLevel.MotionControllerMap' with GeneratedClass '/Game/VirtualRealityBP/Maps/MotionControllerMap.MotionControllerMap_C' with ClassGeneratedBy '/Game/VirtualRealityBP/Maps/MotionControllerMap.MotionControllerMap:PersistentLevel.MotionControllerMap'
[2018.06.17-03.47.08:395][345]LogBlueprintUserMessages: Late EndPlayMap Detection: Level '/Game/VirtualRealityBP/Maps/MotionControllerMap.MotionControllerMap:PersistentLevel' has LevelScriptBlueprint '/Game/VirtualRealityBP/Maps/MotionControllerMap.MotionControllerMap:PersistentLevel.MotionControllerMap' with GeneratedClass '/Game/VirtualRealityBP/Maps/MotionControllerMap.MotionControllerMap_C' with ClassGeneratedBy '/Game/VirtualRealityBP/Maps/MotionControllerMap.MotionControllerMap:PersistentLevel.MotionControllerMap'
[2018.06.17-03.47.21:711][899]LogSlate: FSceneViewport::OnFocusLost() reason 2
[2018.06.17-03.48.17:905][482]LogUObjectGlobals: Created PersistentFrame Addr=0x000001d732fc1728, Size=4, Default__SKEL_MotionControllerPawn_C Function /Game/VirtualRealityBP/Blueprints/MotionControllerPawn.SKEL_MotionControllerPawn_C:ExecuteUbergraph_MotionControllerPawn
[2018.06.17-03.49.42:885][453]LogUObjectGlobals: Destroyed PersistentFrame Addr=0x000001d732fc1728, Size=4
[2018.06.17-03.49.42:885][453]LogUObjectGlobals: Created PersistentFrame Addr=0x000001d72e380ff8, Size=4, Default__SKEL_MotionControllerPawn_C Function /Engine/Transient.REINST_SKEL_MotionControllerPawn_C_48:ExecuteUbergraph_MotionControllerPawn
[2018.06.17-03.49.42:888][453]LogUObjectGlobals: Created PersistentFrame Addr=0x000001d72e3839c8, Size=4, Default__SKEL_MotionControllerPawn_C Function /Game/VirtualRealityBP/Blueprints/MotionControllerPawn.SKEL_MotionControllerPawn_C:ExecuteUbergraph_MotionControllerPawn
[2018.06.17-03.49.49:890][270]LogSlate: Window 'Color Picker' being destroyed
[2018.06.17-03.49.53:582][700]LogUObjectGlobals: Destroyed PersistentFrame Addr=0x000001d72e3839c8, Size=4
[2018.06.17-03.49.53:582][700]LogUObjectGlobals: Created PersistentFrame Addr=0x000001d702db61a8, Size=4, Default__SKEL_MotionControllerPawn_C Function /Engine/Transient.REINST_SKEL_MotionControllerPawn_C_50:ExecuteUbergraph_MotionControllerPawn
[2018.06.17-03.49.53:584][700]LogUObjectGlobals: Created PersistentFrame Addr=0x000001d702db6180, Size=4, Default__SKEL_MotionControllerPawn_C Function /Game/VirtualRealityBP/Blueprints/MotionControllerPawn.SKEL_MotionControllerPawn_C:ExecuteUbergraph_MotionControllerPawn
[2018.06.17-03.53.05:931][896]LogUObjectGlobals: Destroyed PersistentFrame Addr=0x000001d702db6180, Size=4
[2018.06.17-03.53.05:931][896]LogUObjectGlobals: Created PersistentFrame Addr=0x000001d70a22a598, Size=4, Default__SKEL_MotionControllerPawn_C Function /Engine/Transient.REINST_SKEL_MotionControllerPawn_C_52:ExecuteUbergraph_MotionControllerPawn
[2018.06.17-03.53.05:934][896]LogUObjectGlobals: Created PersistentFrame Addr=0x000001d72d879d68, Size=4, Default__SKEL_MotionControllerPawn_C Function /Game/VirtualRealityBP/Blueprints/MotionControllerPawn.SKEL_MotionControllerPawn_C:ExecuteUbergraph_MotionControllerPawn
[2018.06.17-03.53.06:903][  5]LogUObjectGlobals: Destroyed PersistentFrame Addr=0x000001d72d879d68, Size=4
[2018.06.17-03.53.06:903][  5]LogUObjectGlobals: Created PersistentFrame Addr=0x000001d702db4720, Size=4, Default__SKEL_MotionControllerPawn_C Function /Engine/Transient.REINST_SKEL_MotionControllerPawn_C_54:ExecuteUbergraph_MotionControllerPawn
[2018.06.17-03.53.06:905][  5]LogUObjectGlobals: Created PersistentFrame Addr=0x000001d702db4e70, Size=4, Default__SKEL_MotionControllerPawn_C Function /Game/VirtualRealityBP/Blueprints/MotionControllerPawn.SKEL_MotionControllerPawn_C:ExecuteUbergraph_MotionControllerPawn
[2018.06.17-03.53.06:914][  5]LogUObjectGlobals: Destroyed PersistentFrame Addr=0x000001d702db4e70, Size=4
[2018.06.17-03.53.06:914][  5]LogUObjectGlobals: Created PersistentFrame Addr=0x000001d702db4e70, Size=4, Default__SKEL_MotionControllerPawn_C Function /Engine/Transient.REINST_SKEL_MotionControllerPawn_C_56:ExecuteUbergraph_MotionControllerPawn
[2018.06.17-03.53.06:916][  5]LogUObjectGlobals: Created PersistentFrame Addr=0x000001d702db5428, Size=4, Default__SKEL_MotionControllerPawn_C Function /Game/VirtualRealityBP/Blueprints/MotionControllerPawn.SKEL_MotionControllerPawn_C:ExecuteUbergraph_MotionControllerPawn
[2018.06.17-03.55.04:779][723]LogEditorTransaction: Undo Create Pin Link
[2018.06.17-03.58.07:749][258]LogUObjectGlobals: Destroyed PersistentFrame Addr=0x000001d72e380ff8, Size=4
[2018.06.17-03.58.07:749][258]LogUObjectGlobals: Destroyed PersistentFrame Addr=0x000001d702db61a8, Size=4
[2018.06.17-03.58.07:749][258]LogUObjectGlobals: Destroyed PersistentFrame Addr=0x000001d70a22a598, Size=4
[2018.06.17-03.58.07:749][258]LogUObjectGlobals: Destroyed PersistentFrame Addr=0x000001d702db4720, Size=4
[2018.06.17-03.58.07:749][258]LogUObjectGlobals: Destroyed PersistentFrame Addr=0x000001d702db4e70, Size=4
[2018.06.17-03.58.07:877][258]LogSavePackage: Save=115.81ms
[2018.06.17-03.58.07:877][258]LogSavePackage: Moving '../../../../../Unreal Projects/LightBikes/Light Bikes/PhotonRiders/Saved/MotionControllerMap_Auto18406C1CD4D9903DB972522B3A9600F23.tmp' to '../../../../../Unreal Projects/LightBikes/Light Bikes/PhotonRiders/Saved/Autosaves/Game/VirtualRealityBP/Maps/MotionControllerMap_Auto1.umap'
[2018.06.17-03.58.07:878][258]LogSavePackage: Display: Finished SavePackage ../../../../../Unreal Projects/LightBikes/Light Bikes/PhotonRiders/Saved/Autosaves/Game/VirtualRealityBP/Maps/MotionControllerMap_Auto1.umap
[2018.06.17-03.58.07:880][258]LogFileHelpers: Editor autosave (incl. sublevels) for '/Game/VirtualRealityBP/Maps/MotionControllerMap' took 0.151
[2018.06.17-03.58.07:880][258]LogFileHelpers: Editor autosave (incl. sublevels) for all levels took 0.151
[2018.06.17-03.58.07:881][258]OBJ SavePackage: Generating thumbnails for [0] asset(s) in package [/Game/VirtualRealityBP/Blueprints/MotionControllerPawn] ([1] browsable assets)...
[2018.06.17-03.58.07:881][258]OBJ SavePackage: Finished generating thumbnails for package [/Game/VirtualRealityBP/Blueprints/MotionControllerPawn]
[2018.06.17-03.58.07:947][258]LogSavePackage: Save=59.57ms
[2018.06.17-03.58.07:948][258]LogSavePackage: Moving '../../../../../Unreal Projects/LightBikes/Light Bikes/PhotonRiders/Saved/MotionControllerPawn_Auto1470F76B140CD2F0278C9939CA8008643.tmp' to '../../../../../Unreal Projects/LightBikes/Light Bikes/PhotonRiders/Saved/Autosaves/Game/VirtualRealityBP/Blueprints/MotionControllerPawn_Auto1.uasset'
[2018.06.17-03.58.07:949][258]LogSavePackage: Display: Finished SavePackage ../../../../../Unreal Projects/LightBikes/Light Bikes/PhotonRiders/Saved/Autosaves/Game/VirtualRealityBP/Blueprints/MotionControllerPawn_Auto1.uasset
[2018.06.17-03.58.07:949][258]LogFileHelpers: Auto-saving content packages took 0.068
[2018.06.17-04.23.46:841][487]LogSavePackage: Save=54.41ms
[2018.06.17-04.23.46:841][487]LogSavePackage: Moving '../../../../../Unreal Projects/LightBikes/Light Bikes/PhotonRiders/Saved/MotionControllerPawn0B25709445E000F07D36A4903E74F52D.tmp' to '../../../../../Unreal Projects/LightBikes/Light Bikes/PhotonRiders/Content/VirtualRealityBP/Blueprints/MotionControllerPawn.uasset'
[2018.06.17-04.23.46:847][487]LogSavePackage: Display: Finished SavePackage ../../../../../Unreal Projects/LightBikes/Light Bikes/PhotonRiders/Content/VirtualRealityBP/Blueprints/MotionControllerPawn.uasset
[2018.06.17-04.23.47:725][585]BlueprintLog: New page: Compile MotionControllerPawn
[2018.06.17-04.23.47:738][585]LogUObjectGlobals: Destroyed PersistentFrame Addr=0x000001d702db5428, Size=4
[2018.06.17-04.23.47:738][585]LogUObjectGlobals: Created PersistentFrame Addr=0x000001d702db5428, Size=4, Default__SKEL_MotionControllerPawn_C Function /Engine/Transient.REINST_SKEL_MotionControllerPawn_C_62:ExecuteUbergraph_MotionControllerPawn
[2018.06.17-04.23.47:751][585]LogUObjectGlobals: Destroyed PersistentFrame Addr=0x000001d72e996a00, Size=512
[2018.06.17-04.23.47:751][585]LogUObjectGlobals: Created PersistentFrame Addr=0x000001d782569600, Size=512, Default__MotionControllerPawn_C Function /Engine/Transient.REINST_MotionControllerPawn_C_64:ExecuteUbergraph_MotionControllerPawn
[2018.06.17-04.23.47:758][585]LogUObjectGlobals: Created PersistentFrame Addr=0x000001d78256b000, Size=512, Default__MotionControllerPawn_C Function /Game/VirtualRealityBP/Blueprints/MotionControllerPawn.MotionControllerPawn_C:ExecuteUbergraph_MotionControllerPawn
[2018.06.17-04.23.47:961][585]LogUObjectGlobals: Destroyed PersistentFrame Addr=0x000001d702db5428, Size=4
[2018.06.17-04.24.13:182][556]LogSavePackage: Save=123.58ms
[2018.06.17-04.24.13:182][556]LogSavePackage: Moving '../../../../../Unreal Projects/LightBikes/Light Bikes/PhotonRiders/Saved/MotionControllerMap_Auto22AD54E02495686F992A730AE6ADDC7E2.tmp' to '../../../../../Unreal Projects/LightBikes/Light Bikes/PhotonRiders/Saved/Autosaves/Game/VirtualRealityBP/Maps/MotionControllerMap_Auto2.umap'
[2018.06.17-04.24.13:183][556]LogSavePackage: Display: Finished SavePackage ../../../../../Unreal Projects/LightBikes/Light Bikes/PhotonRiders/Saved/Autosaves/Game/VirtualRealityBP/Maps/MotionControllerMap_Auto2.umap
[2018.06.17-04.24.13:185][556]LogFileHelpers: Editor autosave (incl. sublevels) for '/Game/VirtualRealityBP/Maps/MotionControllerMap' took 0.151
[2018.06.17-04.24.13:185][556]LogFileHelpers: Editor autosave (incl. sublevels) for all levels took 0.151
[2018.06.17-04.29.35:575][941]LogSavePackage: Save=49.70ms
[2018.06.17-04.29.35:575][941]LogSavePackage: Moving '../../../../../Unreal Projects/LightBikes/Light Bikes/PhotonRiders/Saved/MotionControllerPawnA47BBF4E464A89D61CAFD0AD47890889.tmp' to '../../../../../Unreal Projects/LightBikes/Light Bikes/PhotonRiders/Content/VirtualRealityBP/Blueprints/MotionControllerPawn.uasset'
[2018.06.17-04.29.35:578][941]LogSavePackage: Display: Finished SavePackage ../../../../../Unreal Projects/LightBikes/Light Bikes/PhotonRiders/Content/VirtualRealityBP/Blueprints/MotionControllerPawn.uasset
[2018.06.17-04.29.36:504][ 44]BlueprintLog: New page: Compile MotionControllerPawn
[2018.06.17-04.29.36:535][ 44]LogUObjectGlobals: Destroyed PersistentFrame Addr=0x000001d78256b000, Size=512
[2018.06.17-04.29.36:535][ 44]LogUObjectGlobals: Created PersistentFrame Addr=0x000001d77fa23a00, Size=512, MotionControllerPawn_C_2605 Function /Engine/Transient.REINST_MotionControllerPawn_C_72:ExecuteUbergraph_MotionControllerPawn
[2018.06.17-04.29.36:541][ 44]LogUObjectGlobals: Created PersistentFrame Addr=0x000001d78256a200, Size=512, Default__MotionControllerPawn_C Function /Game/VirtualRealityBP/Blueprints/MotionControllerPawn.MotionControllerPawn_C:ExecuteUbergraph_MotionControllerPawn
[2018.06.17-04.30.01:194][906]LogSavePackage: Save=51.48ms
[2018.06.17-04.30.01:194][906]LogSavePackage: Moving '../../../../../Unreal Projects/LightBikes/Light Bikes/PhotonRiders/Saved/MotionControllerPawnD529E0B44BF066B3816F34BBA25DDD58.tmp' to '../../../../../Unreal Projects/LightBikes/Light Bikes/PhotonRiders/Content/VirtualRealityBP/Blueprints/MotionControllerPawn.uasset'
[2018.06.17-04.30.01:198][906]LogSavePackage: Display: Finished SavePackage ../../../../../Unreal Projects/LightBikes/Light Bikes/PhotonRiders/Content/VirtualRealityBP/Blueprints/MotionControllerPawn.uasset
[2018.06.17-04.30.08:234][713]LogSavePackage: Save=53.71ms
[2018.06.17-04.30.08:234][713]LogSavePackage: Moving '../../../../../Unreal Projects/LightBikes/Light Bikes/PhotonRiders/Saved/MotionControllerPawn0F13FEBE4BBD900E18FC02AEEF9852F3.tmp' to '../../../../../Unreal Projects/LightBikes/Light Bikes/PhotonRiders/Content/VirtualRealityBP/Blueprints/MotionControllerPawn.uasset'
[2018.06.17-04.30.08:237][713]LogSavePackage: Display: Finished SavePackage ../../../../../Unreal Projects/LightBikes/Light Bikes/PhotonRiders/Content/VirtualRealityBP/Blueprints/MotionControllerPawn.uasset
[2018.06.17-04.30.41:249][535]LogSlate: Only BGRA pngs, bmps or icos are supported in by External Image Picker
[2018.06.17-04.30.41:357][536]LogTemp: Executing iPhonePackager certificates Engine -bundlename com.YourCompany.PhotonRiders
[2018.06.17-04.30.41:357][536]LogTemp: CWD: D:\Games\UE_4.19\Engine\Binaries\DotNET\IOS
[2018.06.17-04.30.41:357][536]LogTemp: Initial Dir: D:\Games\UE_4.19
[2018.06.17-04.30.41:357][536]LogTemp: Env CWD: D:\Games\UE_4.19\Engine\Binaries\DotNET\IOS
[2018.06.17-04.30.41:357][536]LogTemp: BranchPath = DESKTOP-J3J4D8C/D/Games/UE_4.19/Engine/Binaries --- GameBranchPath = DESKTOP-J3J4D8C/D/Games/UE_4.19/Engine/Binaries
[2018.06.17-04.30.41:357][536]LogTemp: IPP ERROR: Could not find provision directory 'C:\Users\jedik\AppData\Local/Apple Computer/MobileDevice/Provisioning Profiles/'.
[2018.06.17-04.31.29:173][418]LogSlate: Window 'Project Settings' being destroyed
[2018.06.17-04.31.29:176][418]LogSlate: Window 'Project Settings' being destroyed
[2018.06.17-04.31.49:504][759]LogUObjectGlobals: Created PersistentFrame Addr=0x000001d783e42930, Size=4, Default__SKEL_MotionControllerPawn_C Function /Game/VirtualRealityBP/Blueprints/MotionControllerPawn.SKEL_MotionControllerPawn_C:ExecuteUbergraph_MotionControllerPawn
[2018.06.17-04.32.21:654][539]LogSavePackage: Save=55.96ms
[2018.06.17-04.32.21:654][539]LogSavePackage: Moving '../../../../../Unreal Projects/LightBikes/Light Bikes/PhotonRiders/Saved/MotionControllerPawn24F9AF89479AA051F4B6F7AC6882723F.tmp' to '../../../../../Unreal Projects/LightBikes/Light Bikes/PhotonRiders/Content/VirtualRealityBP/Blueprints/MotionControllerPawn.uasset'
[2018.06.17-04.32.21:657][539]LogSavePackage: Display: Finished SavePackage ../../../../../Unreal Projects/LightBikes/Light Bikes/PhotonRiders/Content/VirtualRealityBP/Blueprints/MotionControllerPawn.uasset
[2018.06.17-04.32.30:882][615]LogSavePackage: Save=128.12ms
[2018.06.17-04.32.30:882][615]LogSavePackage: Moving '../../../../../Unreal Projects/LightBikes/Light Bikes/PhotonRiders/Saved/MotionControllerMapD7911F904C1D4E825A273887B253EDB1.tmp' to '../../../../../Unreal Projects/LightBikes/Light Bikes/PhotonRiders/Content/VirtualRealityBP/Maps/MotionControllerMap.umap'
[2018.06.17-04.32.30:886][615]LogSavePackage: Display: Finished SavePackage ../../../../../Unreal Projects/LightBikes/Light Bikes/PhotonRiders/Content/VirtualRealityBP/Maps/MotionControllerMap.umap
[2018.06.17-04.32.31:051][615]LogSavePackage: Save=123.55ms
[2018.06.17-04.32.31:051][615]LogSavePackage: Moving '../../../../../Unreal Projects/LightBikes/Light Bikes/PhotonRiders/Saved/MotionControllerMap_BuiltDataCA4B95A8404A5DFC16D3A79C5A9549CC.tmp' to '../../../../../Unreal Projects/LightBikes/Light Bikes/PhotonRiders/Content/VirtualRealityBP/Maps/MotionControllerMap_BuiltData.uasset'
[2018.06.17-04.32.31:053][615]LogSavePackage: Display: Finished SavePackage ../../../../../Unreal Projects/LightBikes/Light Bikes/PhotonRiders/Content/VirtualRealityBP/Maps/MotionControllerMap_BuiltData.uasset
[2018.06.17-04.32.32:420][769]LogSlate: Window 'MotionControllerPawn' being destroyed
[2018.06.17-04.32.32:423][769]LogSlate: Window 'MotionControllerPawn' being destroyed
[2018.06.17-04.33.17:031][142]LogEditorViewport: Clicking on Actor (LMB): MotionControllerPawn_C (VRPawn)
[2018.06.17-04.33.19:078][378]LogSlate: FSceneViewport::OnFocusLost() reason 2
[2018.06.17-04.33.21:385][654]LogSlate: FSceneViewport::OnFocusLost() reason 2
[2018.06.17-06.15.28:695][357]BlueprintLog: New page: Compile MotionControllerPawn
[2018.06.17-06.15.28:709][357]LogUObjectGlobals: Destroyed PersistentFrame Addr=0x000001d783e42930, Size=4
[2018.06.17-06.15.28:709][357]LogUObjectGlobals: Created PersistentFrame Addr=0x000001d761d4bfb0, Size=4, Default__SKEL_MotionControllerPawn_C Function /Engine/Transient.REINST_SKEL_MotionControllerPawn_C_80:ExecuteUbergraph_MotionControllerPawn
[2018.06.17-06.15.28:723][357]LogUObjectGlobals: Destroyed PersistentFrame Addr=0x000001d78256a200, Size=512
[2018.06.17-06.15.28:723][357]LogUObjectGlobals: Created PersistentFrame Addr=0x000001d7a1470600, Size=512, MotionControllerPawn_C_2628 Function /Engine/Transient.REINST_MotionControllerPawn_C_82:ExecuteUbergraph_MotionControllerPawn
[2018.06.17-06.15.28:730][357]LogUObjectGlobals: Created PersistentFrame Addr=0x000001d782569200, Size=512, Default__MotionControllerPawn_C Function /Game/VirtualRealityBP/Blueprints/MotionControllerPawn.MotionControllerPawn_C:ExecuteUbergraph_MotionControllerPawn
[2018.06.17-06.15.28:950][357]LogUObjectGlobals: Destroyed PersistentFrame Addr=0x000001d782569600, Size=512
[2018.06.17-06.15.28:954][357]LogUObjectGlobals: Destroyed PersistentFrame Addr=0x000001d761d4bfb0, Size=4
[2018.06.17-06.15.28:954][357]LogUObjectGlobals: Destroyed PersistentFrame Addr=0x000001d77fa23a00, Size=512
[2018.06.17-06.15.30:192][471]LogSlate: Window 'MotionControllerPawn' being destroyed
[2018.06.17-06.15.30:195][471]LogSlate: Window 'MotionControllerPawn' being destroyed
[2018.06.17-06.15.31:716][598]LogSlate: FSceneViewport::OnFocusLost() reason 0
[2018.06.17-06.15.31:822][607]LogUObjectGlobals: Destroyed PersistentFrame Addr=0x000001d7a1470600, Size=512
[2018.06.17-06.15.31:943][607]LogSavePackage: Save=114.66ms
[2018.06.17-06.15.31:944][607]LogSavePackage: Moving '../../../../../Unreal Projects/LightBikes/Light Bikes/PhotonRiders/Saved/MotionControllerMapA82C7A2142129A2B515676A5E4DD41DA.tmp' to '../../../../../Unreal Projects/LightBikes/Light Bikes/PhotonRiders/Content/VirtualRealityBP/Maps/MotionControllerMap.umap'
[2018.06.17-06.15.31:947][607]LogSavePackage: Display: Finished SavePackage ../../../../../Unreal Projects/LightBikes/Light Bikes/PhotonRiders/Content/VirtualRealityBP/Maps/MotionControllerMap.umap
[2018.06.17-06.15.32:090][607]LogSavePackage: Save=113.69ms
[2018.06.17-06.15.32:090][607]LogSavePackage: Moving '../../../../../Unreal Projects/LightBikes/Light Bikes/PhotonRiders/Saved/MotionControllerMap_BuiltDataDE3FD10646B325186EBB3EB6D1883398.tmp' to '../../../../../Unreal Projects/LightBikes/Light Bikes/PhotonRiders/Content/VirtualRealityBP/Maps/MotionControllerMap_BuiltData.uasset'
[2018.06.17-06.15.32:092][607]LogSavePackage: Display: Finished SavePackage ../../../../../Unreal Projects/LightBikes/Light Bikes/PhotonRiders/Content/VirtualRealityBP/Maps/MotionControllerMap_BuiltData.uasset
